<?xml version="1.0" encoding="UTF-8"?>
<testng-results ignored="0" total="1" passed="1" failed="0" skipped="0">
  <reporter-output>
  </reporter-output>
  <suite started-at="2022-12-18T17:42:49 GMT-05:00" name="Default suite" finished-at="2022-12-18T17:42:49 GMT-05:00" duration-ms="16">
    <groups>
    </groups>
    <test started-at="2022-12-18T17:42:49 GMT-05:00" name="Default test" finished-at="2022-12-18T17:42:49 GMT-05:00" duration-ms="16">
      <class name="TDD.TestPassword">
        <test-method signature="CheckPassword()[pri:0, instance:TDD.TestPassword@341b80b2]" started-at="2022-12-18T17:42:49 GMT-05:00" name="CheckPassword" finished-at="2022-12-18T17:42:49 GMT-05:00" duration-ms="4" status="PASS">
          <reporter-output>
          </reporter-output>
        </test-method> <!-- CheckPassword -->
      </class> <!-- TDD.TestPassword -->
    </test> <!-- Default test -->
  </suite> <!-- Default suite -->
</testng-results>
